Exception in Tkinter callback
Traceback (most recent call last):
  File "C:\Users\Rupi\AppData\Local\Programs\Python\Python38-32\lib\tkinter\__init__.py", line 1883, in __call__
    return self.func(*args)
  File "C:/Users/Rupi/Desktop/Beerpong-Scoreboard/beerpong-scoreboard/scoreboard.py", line 172, in <lambda>
    self.TButton2.configure(command=lambda :scoreboard_support.print ("hi"))
AttributeError: module 'scoreboard_support' has no attribute 'print'
Exception in Tkinter callback
Traceback (most recent call last):
  File "C:\Users\Rupi\AppData\Local\Programs\Python\Python38-32\lib\tkinter\__init__.py", line 1883, in __call__
    return self.func(*args)
  File "C:/Users/Rupi/Desktop/Beerpong-Scoreboard/beerpong-scoreboard/scoreboard.py", line 172, in <lambda>
    self.TButton2.configure(command=lambda :scoreboard_support.print ("hi"))
AttributeError: module 'scoreboard_support' has no attribute 'print'
Exception in Tkinter callback
Traceback (most recent call last):
  File "C:\Users\Rupi\AppData\Local\Programs\Python\Python38-32\lib\tkinter\__init__.py", line 1883, in __call__
    return self.func(*args)
  File "C:/Users/Rupi/Desktop/Beerpong-Scoreboard/beerpong-scoreboard/scoreboard.py", line 172, in <lambda>
    self.TButton2.configure(command=lambda :scoreboard_support.print ("hi"))
AttributeError: module 'scoreboard_support' has no attribute 'print'
Exception in Tkinter callback
Traceback (most recent call last):
  File "C:\Users\Rupi\AppData\Local\Programs\Python\Python38-32\lib\tkinter\__init__.py", line 1883, in __call__
    return self.func(*args)
  File "C:/Users/Rupi/Desktop/Beerpong-Scoreboard/beerpong-scoreboard/scoreboard.py", line 172, in <lambda>
    self.TButton2.configure(command=lambda :scoreboard_support.print ("hi"))
AttributeError: module 'scoreboard_support' has no attribute 'print'
Exception in Tkinter callback
Traceback (most recent call last):
  File "C:\Users\Rupi\AppData\Local\Programs\Python\Python38-32\lib\tkinter\__init__.py", line 1883, in __call__
    return self.func(*args)
  File "C:/Users/Rupi/Desktop/Beerpong-Scoreboard/beerpong-scoreboard/scoreboard.py", line 172, in <lambda>
    self.TButton2.configure(command=lambda :scoreboard_support.print ("hi"))
AttributeError: module 'scoreboard_support' has no attribute 'print'
Exception in Tkinter callback
Traceback (most recent call last):
  File "C:\Users\Rupi\AppData\Local\Programs\Python\Python38-32\lib\tkinter\__init__.py", line 1883, in __call__
    return self.func(*args)
  File "C:/Users/Rupi/Desktop/Beerpong-Scoreboard/beerpong-scoreboard/scoreboard.py", line 172, in <lambda>
    self.TButton2.configure(command=lambda :scoreboard_support.print ("hi"))
AttributeError: module 'scoreboard_support' has no attribute 'print'
Exception in Tkinter callback
Traceback (most recent call last):
  File "C:\Users\Rupi\AppData\Local\Programs\Python\Python38-32\lib\tkinter\__init__.py", line 1883, in __call__
    return self.func(*args)
  File "C:/Users/Rupi/Desktop/Beerpong-Scoreboard/beerpong-scoreboard/scoreboard.py", line 172, in <lambda>
    self.TButton2.configure(command=lambda :scoreboard_support.print ("hi"))
AttributeError: module 'scoreboard_support' has no attribute 'print'
